2025.09.26 22:40:40 INFO  no build target found for /home/lin/scala-naumen/homeworks/homework_1/task_3/src/main/scala/Main.scala. Using presentation compiler with project's scala-library version: 3.3.6[0m
2025.09.26 22:40:42 INFO  no build target found for /home/lin/scala-naumen/homeworks/homework_1/task_3/src/main/scala/Main.scala. Using presentation compiler with project's scala-library version: 3.3.6[0m
2025.09.26 22:40:42 INFO  no build target found for /home/lin/scala-naumen/homeworks/homework_1/task_3/src/main/scala/Main.scala. Using presentation compiler with project's scala-library version: 3.3.6[0m
2025.09.26 22:40:43 INFO  no build target found for /home/lin/scala-naumen/homeworks/homework_1/task_3/src/main/scala/Main.scala. Using presentation compiler with project's scala-library version: 3.3.6[0m
2025.09.26 22:40:42 INFO  no build target found for /home/lin/scala-naumen/homeworks/homework_1/task_3/src/main/scala/Main.scala. Using presentation compiler with project's scala-library version: 3.3.6[0m
2025.09.26 22:40:42 INFO  no build target found for /home/lin/scala-naumen/homeworks/homework_1/task_3/src/main/scala/Main.scala. Using presentation compiler with project's scala-library version: 3.3.6[0m
2025.09.26 22:40:43 INFO  Running List(/home/lin/.local/share/coursier/bin/scala-cli, setup-ide, /home/lin/scala-naumen)[0m
Sep 26, 2025 10:40:43 PM org.eclipse.lsp4j.jsonrpc.RemoteEndpoint handleCancellation
WARNING: Unmatched cancel notification for request id 2
2025.09.26 22:40:42 INFO  no build target found for /home/lin/scala-naumen/homeworks/homework_1/task_3/src/main/scala/Main.scala. Using presentation compiler with project's scala-library version: 3.3.6[0m
2025.09.26 22:40:42 INFO  no build target found for /home/lin/scala-naumen/homeworks/homework_1/task_3/src/main/scala/Main.scala. Using presentation compiler with project's scala-library version: 3.3.6[0m
2025.09.26 22:40:44 INFO  Attempting to connect to the build server...[0m
2025.09.26 22:40:44 INFO  no build target found for /home/lin/scala-naumen/homeworks/homework_1/task_3/src/main/scala/Main.scala. Using presentation compiler with project's scala-library version: 3.3.6[0m
2025.09.26 22:40:44 INFO  Running BSP server List(/home/lin/.local/share/coursier/bin/.scala-cli.aux, bsp, --json-options, /home/lin/scala-naumen/.scala-build/ide-options-v2.json, --json-launcher-options, /home/lin/scala-naumen/.scala-build/ide-launcher-options.json, --envs-file, /home/lin/scala-naumen/.scala-build/ide-envs.json, /home/lin/scala-naumen)[0m
2025.09.26 22:40:44 INFO  tracing is disabled for protocol BSP, to enable tracing of incoming and outgoing JSON messages create an empty file at /home/lin/scala-naumen/.metals/bsp.trace.json or /home/lin/.cache/metals/bsp.trace.json[0m
2025.09.26 22:40:44 INFO  no build target found for /home/lin/scala-naumen/homeworks/homework_1/task_3/src/main/scala/Main.scala. Using presentation compiler with project's scala-library version: 3.3.6[0m
2025.09.26 22:40:44 WARN  no build target for: /home/lin/scala-naumen/homeworks/homework_1/task_3/src/main/scala/Main.scala[0m
2025.09.26 22:40:48 INFO  BSP server: Starting compilation server[0m
2025.09.26 22:40:51 INFO  no build target found for /home/lin/scala-naumen/homeworks/homework_1/task_3/src/main/scala/Main.scala. Using presentation compiler with project's scala-library version: 3.3.6[0m
2025.09.26 22:40:51 INFO  no build target found for /home/lin/scala-naumen/homeworks/homework_1/task_3/src/main/scala/Main.scala. Using presentation compiler with project's scala-library version: 3.3.6[0m
2025.09.26 22:40:53 WARN  no build target for: /home/lin/scala-naumen/homeworks/homework_1/task_3/src/main/scala/Main.scala[0m
2025.09.26 22:40:54 INFO  no build target found for /home/lin/scala-naumen/homeworks/homework_1/task_3/src/main/scala/Main.scala. Using presentation compiler with project's scala-library version: 3.3.6[0m
2025.09.26 22:40:55 INFO  no build target found for /home/lin/scala-naumen/homeworks/homework_1/task_3/src/main/scala/Main.scala. Using presentation compiler with project's scala-library version: 3.3.6[0m
2025.09.26 22:40:55 INFO  no build target found for /home/lin/scala-naumen/homeworks/homework_1/task_3/src/main/scala/Main.scala. Using presentation compiler with project's scala-library version: 3.3.6[0m
2025.09.26 22:40:56 WARN  no build target for: /home/lin/scala-naumen/homeworks/homework_1/task_3/src/main/scala/Main.scala[0m
2025.09.26 22:40:58 INFO  no build target found for /home/lin/scala-naumen/homeworks/homework_1/task_3/src/main/scala/Main.scala. Using presentation compiler with project's scala-library version: 3.3.6[0m
2025.09.26 22:40:58 INFO  no build target found for /home/lin/scala-naumen/homeworks/homework_1/task_3/src/main/scala/Main.scala. Using presentation compiler with project's scala-library version: 3.3.6[0m
2025.09.26 22:40:59 INFO  no build target found for /home/lin/scala-naumen/homeworks/homework_1/task_3/src/main/scala/Main.scala. Using presentation compiler with project's scala-library version: 3.3.6[0m
2025.09.26 22:41:02 INFO  time: Connected to build server in 18s[0m
2025.09.26 22:41:02 INFO  Connected to Build server: scala-cli v1.9.1[0m
2025.09.26 22:41:02 INFO  time: Imported build in 0.68s[0m
2025.09.26 22:41:04 INFO  compiling scala-naumen_8230a33402 (2 scala sources)[0m
2025.09.26 22:41:13 INFO  time: indexed workspace in 11s[0m
2025.09.26 22:41:24 INFO  time: compiled scala-naumen_8230a33402 in 21s[0m
2025.09.26 22:41:24 INFO  compiling scala-naumen_8230a33402-test (1 scala source)[0m
2025.09.26 22:41:26 INFO  time: compiled scala-naumen_8230a33402-test in 1.64s[0m
2025.09.26 22:41:26 INFO  compiling scala-naumen_8230a33402-test (1 scala source)[0m
2025.09.26 22:41:26 INFO  time: compiled scala-naumen_8230a33402-test in 0.31s[0m
2025.09.26 22:45:55 INFO  compiling scala-naumen_8230a33402 (1 scala source)[0m
2025.09.26 22:45:55 INFO  time: compiled scala-naumen_8230a33402 in 0.18s[0m
2025.09.26 22:45:55 WARN  Could not find semantic tokens for: file:///home/lin/scala-naumen/homeworks/homework_1/task_3/src/main/scala/Main.scala[0m
2025.09.26 22:46:01 INFO  time: compiled scala-naumen_8230a33402 in 34ms[0m
2025.09.26 22:46:01 INFO  compiling scala-naumen_8230a33402-test (1 scala source)[0m
2025.09.26 22:46:01 INFO  time: compiled scala-naumen_8230a33402-test in 0.59s[0m
2025.09.26 22:46:05 INFO  compiling scala-naumen_8230a33402 (1 scala source)[0m
2025.09.26 22:46:08 INFO  compiling scala-naumen_8230a33402-test (1 scala source)[0m
2025.09.26 22:46:08 INFO  time: compiled scala-naumen_8230a33402 in 2.65s[0m
2025.09.26 22:46:08 INFO  time: compiled scala-naumen_8230a33402-test in 0.41s[0m
2025.09.26 22:46:08 WARN  Could not load snapshot text for /home/lin/scala-naumen/homeworks/homework_1/task_3/src/main/scala/Main.scala[0m
2025.09.26 22:46:08 INFO  compiling scala-naumen_8230a33402-test (1 scala source)[0m
2025.09.26 22:46:09 INFO  time: compiled scala-naumen_8230a33402-test in 0.76s[0m
2025.09.26 22:46:10 WARN  Could not load snapshot text for /home/lin/scala-naumen/homeworks/homework_1/task_3/src/main/scala/Main.scala[0m
2025.09.26 22:46:14 WARN  Could not load snapshot text for /home/lin/scala-naumen/homeworks/homework_1/task_3/src/main/scala/Main.scala[0m
2025.09.26 22:46:15 INFO  compiling scala-naumen_8230a33402 (1 scala source)[0m
2025.09.26 22:46:15 WARN  Could not load snapshot text for /home/lin/scala-naumen/homeworks/homework_1/task_3/src/main/scala/Main.scala[0m
2025.09.26 22:46:17 INFO  time: compiled scala-naumen_8230a33402 in 1.73s[0m
2025.09.26 22:46:17 INFO  compiling scala-naumen_8230a33402-test (1 scala source)[0m
2025.09.26 22:46:17 INFO  time: compiled scala-naumen_8230a33402-test in 0.27s[0m
2025.09.26 22:46:18 INFO  compiling scala-naumen_8230a33402-test (1 scala source)[0m
2025.09.26 22:46:18 INFO  time: compiled scala-naumen_8230a33402-test in 0.37s[0m
2025.09.26 22:46:23 INFO  compiling scala-naumen_8230a33402 (1 scala source)[0m
2025.09.26 22:46:24 INFO  time: compiled scala-naumen_8230a33402 in 1.46s[0m
2025.09.26 22:46:24 INFO  compiling scala-naumen_8230a33402-test (1 scala source)[0m
2025.09.26 22:46:24 INFO  time: compiled scala-naumen_8230a33402-test in 0.4s[0m
2025.09.26 22:47:32 INFO  no build target found for /home/lin/scala-naumen/homeworks/homework_1/task_3/build.sbt. Using presentation compiler with project's scala-library version: 3.7.3[0m
2025.09.26 22:47:33 INFO  no build target found for /home/lin/scala-naumen/homeworks/homework_1/task_3/build.sbt. Using presentation compiler with project's scala-library version: 3.7.3[0m
2025.09.26 22:47:33 WARN  no build target for: /home/lin/scala-naumen/homeworks/homework_1/task_3/build.sbt[0m
2025.09.26 22:47:32 INFO  no build target found for /home/lin/scala-naumen/homeworks/homework_1/task_3/build.sbt. Using presentation compiler with project's scala-library version: 3.7.3[0m
2025.09.26 22:47:33 INFO  no build target found for /home/lin/scala-naumen/homeworks/homework_1/task_3/build.sbt. Using presentation compiler with project's scala-library version: 3.7.3[0m
2025.09.26 22:47:33 INFO  no build target found for /home/lin/scala-naumen/homeworks/homework_1/task_3/build.sbt. Using presentation compiler with project's scala-library version: 3.7.3[0m
2025.09.26 22:47:36 INFO  no build target found for /home/lin/scala-naumen/homeworks/homework_1/task_3/build.sbt. Using presentation compiler with project's scala-library version: 3.7.3[0m
2025.09.26 22:47:36 INFO  time: code lens generation in 3.58s[0m
2025.09.26 22:47:38 INFO  no build target found for /home/lin/scala-naumen/homeworks/homework_1/task_3/build.sbt. Using presentation compiler with project's scala-library version: 3.7.3[0m
2025.09.26 22:47:38 INFO  no build target found for /home/lin/scala-naumen/homeworks/homework_1/task_3/build.sbt. Using presentation compiler with project's scala-library version: 3.7.3[0m
2025.09.26 22:47:38 INFO  no build target found for /home/lin/scala-naumen/homeworks/homework_1/task_3/build.sbt. Using presentation compiler with project's scala-library version: 3.7.3[0m
2025.09.26 22:47:40 INFO  no build target found for /home/lin/scala-naumen/homeworks/homework_1/task_3/build.sbt. Using presentation compiler with project's scala-library version: 3.7.3[0m
2025.09.26 22:47:40 INFO  no build target found for /home/lin/scala-naumen/homeworks/homework_1/task_3/build.sbt. Using presentation compiler with project's scala-library version: 3.7.3[0m
2025.09.26 22:47:40 INFO  no build target found for /home/lin/scala-naumen/homeworks/homework_1/task_3/build.sbt. Using presentation compiler with project's scala-library version: 3.7.3[0m
2025.09.26 22:47:40 INFO  no build target found for /home/lin/scala-naumen/homeworks/homework_1/task_3/build.sbt. Using presentation compiler with project's scala-library version: 3.7.3[0m
2025.09.26 22:47:40 INFO  no build target found for /home/lin/scala-naumen/homeworks/homework_1/task_3/build.sbt. Using presentation compiler with project's scala-library version: 3.7.3[0m
2025.09.26 22:47:40 INFO  no build target found for /home/lin/scala-naumen/homeworks/homework_1/task_3/build.sbt. Using presentation compiler with project's scala-library version: 3.7.3[0m
2025.09.26 22:47:41 INFO  no build target found for /home/lin/scala-naumen/homeworks/homework_1/task_3/build.sbt. Using presentation compiler with project's scala-library version: 3.7.3[0m
2025.09.26 22:47:41 INFO  no build target found for /home/lin/scala-naumen/homeworks/homework_1/task_3/build.sbt. Using presentation compiler with project's scala-library version: 3.7.3[0m
2025.09.26 22:47:41 INFO  no build target found for /home/lin/scala-naumen/homeworks/homework_1/task_3/build.sbt. Using presentation compiler with project's scala-library version: 3.7.3[0m
2025.09.26 22:47:41 INFO  no build target found for /home/lin/scala-naumen/homeworks/homework_1/task_3/build.sbt. Using presentation compiler with project's scala-library version: 3.7.3[0m
2025.09.26 22:47:41 INFO  no build target found for /home/lin/scala-naumen/homeworks/homework_1/task_3/build.sbt. Using presentation compiler with project's scala-library version: 3.7.3[0m
2025.09.26 22:47:41 INFO  no build target found for /home/lin/scala-naumen/homeworks/homework_1/task_3/build.sbt. Using presentation compiler with project's scala-library version: 3.7.3[0m
2025.09.26 22:47:42 WARN  Could not find semantic tokens for: file:///home/lin/scala-naumen/homeworks/homework_1/task_3/build.sbt[0m
2025.09.26 22:47:42 INFO  no build target found for /home/lin/scala-naumen/homeworks/homework_1/task_3/build.sbt. Using presentation compiler with project's scala-library version: 3.7.3[0m
2025.09.26 22:47:42 INFO  no build target found for /home/lin/scala-naumen/homeworks/homework_1/task_3/build.sbt. Using presentation compiler with project's scala-library version: 3.7.3[0m
2025.09.26 22:47:42 INFO  no build target found for /home/lin/scala-naumen/homeworks/homework_1/task_3/build.sbt. Using presentation compiler with project's scala-library version: 3.7.3[0m
2025.09.26 22:47:42 INFO  no build target found for /home/lin/scala-naumen/homeworks/homework_1/task_3/build.sbt. Using presentation compiler with project's scala-library version: 3.7.3[0m
2025.09.26 22:47:42 WARN  Could not find semantic tokens for: file:///home/lin/scala-naumen/homeworks/homework_1/task_3/build.sbt[0m
2025.09.26 22:47:42 INFO  no build target found for /home/lin/scala-naumen/homeworks/homework_1/task_3/build.sbt. Using presentation compiler with project's scala-library version: 3.7.3[0m
2025.09.26 22:47:42 INFO  no build target found for /home/lin/scala-naumen/homeworks/homework_1/task_3/build.sbt. Using presentation compiler with project's scala-library version: 3.7.3[0m
2025.09.26 22:47:43 WARN  no build target for: /home/lin/scala-naumen/homeworks/homework_1/task_3/build.sbt[0m
2025.09.26 22:47:43 INFO  no build target found for /home/lin/scala-naumen/homeworks/homework_1/task_3/build.sbt. Using presentation compiler with project's scala-library version: 3.7.3[0m
2025.09.26 22:47:44 WARN  Could not find semantic tokens for: file:///home/lin/scala-naumen/homeworks/homework_1/task_3/build.sbt[0m
2025.09.26 22:48:21 INFO  no build target found for /home/lin/scala-naumen/homeworks/homework_1/task_3/build.sbt. Using presentation compiler with project's scala-library version: 3.7.3[0m
